#0 building with "desktop-linux" instance using docker driver

#1 [internal] load build definition from Dockerfile
#1 transferring dockerfile: 2.20kB done
#1 DONE 0.0s

#2 [internal] load metadata for docker.io/library/node:20-slim
#2 ...

#3 [auth] library/python:pull token for registry-1.docker.io
#3 DONE 0.0s

#4 [internal] load metadata for docker.io/library/python:3.11-slim
#4 ...

#5 [auth] library/node:pull token for registry-1.docker.io
#5 DONE 0.0s

#4 [internal] load metadata for docker.io/library/python:3.11-slim
#4 DONE 5.4s

#2 [internal] load metadata for docker.io/library/node:20-slim
#2 DONE 5.6s

#6 [internal] load .dockerignore
#6 transferring context: 365B done
#6 DONE 0.0s

#7 [internal] load build context
#7 transferring context: 478.83kB 0.0s done
#7 DONE 0.0s

#8 [backend 1/9] FROM docker.io/library/python:3.11-slim@sha256:6d85378d88a19cd4d76079817532d62232be95757cb45945a99fec8e8084b9c2
#8 resolve docker.io/library/python:3.11-slim@sha256:6d85378d88a19cd4d76079817532d62232be95757cb45945a99fec8e8084b9c2 done
#8 sha256:61e75fb678e2ee0bfa0b47ea287a2cf604198f951f04cf0cbbb7884058685a0c 0B / 248B 0.2s
#8 sha256:61e75fb678e2ee0bfa0b47ea287a2cf604198f951f04cf0cbbb7884058685a0c 248B / 248B 0.6s done
#8 sha256:7c9a60876db124ced70648383f11a917724cb96c0efa0e3e385f2f77a9991dab 0B / 14.32MB 0.2s
#8 sha256:6ecad6f632e356308bf250c61fa3ba255caf0b36e3efb607608b55152ece6b0a 0B / 1.27MB 0.2s
